[2016-10-13 20:12:54] request.INFO: Matched route "{route}". {"route":"homepage","route_parameters":{"_controller":"AppBundle\\Controller\\DefaultController::indexAction","_route":"homepage"},"request_uri":"http://localhost/symfony/web/","method":"GET"} []
[2016-10-13 20:12:54] security.INFO: Populated the TokenStorage with an anonymous Token. [] []
[2016-10-13 20:12:54] request.CRITICAL: Uncaught PHP Exception Twig_Error_Runtime: "The "Twig_Extension_Core" extension is not enabled." at /opt/lampp/htdocs/symfony/var/cache/prod/classes.php line 4255 {"exception":"[object] (Twig_Error_Runtime(code: 0): The \"Twig_Extension_Core\" extension is not enabled. at /opt/lampp/htdocs/symfony/var/cache/prod/classes.php:4255)"} []
[2016-10-13 20:12:54] request.CRITICAL: Exception thrown when handling an exception (Twig_Error_Runtime: The "Twig_Extension_Core" extension is not enabled. at /opt/lampp/htdocs/symfony/var/cache/prod/classes.php line 4255) {"exception":"[object] (Twig_Error_Runtime(code: 0): The \"Twig_Extension_Core\" extension is not enabled. at /opt/lampp/htdocs/symfony/var/cache/prod/classes.php:4255)"} []
[2016-10-13 20:12:54] request.CRITICAL: Uncaught PHP Exception Twig_Error_Runtime: "The "Twig_Extension_Core" extension is not enabled." at /opt/lampp/htdocs/symfony/var/cache/prod/classes.php line 4255 {"exception":"[object] (Twig_Error_Runtime(code: 0): The \"Twig_Extension_Core\" extension is not enabled. at /opt/lampp/htdocs/symfony/var/cache/prod/classes.php:4255, Twig_Error_Runtime(code: 0): The \"Twig_Extension_Core\" extension is not enabled. at /opt/lampp/htdocs/symfony/var/cache/prod/classes.php:4255)"} []
[2016-10-13 20:12:54] request.CRITICAL: Exception thrown when handling an exception (Twig_Error_Runtime: The "Twig_Extension_Core" extension is not enabled. at /opt/lampp/htdocs/symfony/var/cache/prod/classes.php line 4255) {"exception":"[object] (Twig_Error_Runtime(code: 0): The \"Twig_Extension_Core\" extension is not enabled. at /opt/lampp/htdocs/symfony/var/cache/prod/classes.php:4255)"} []
[2016-10-13 20:13:55] request.ERROR: Uncaught PHP Exception Symfony\Component\HttpKernel\Exception\NotFoundHttpException: "No route found for "GET /app_prod/"" at /opt/lampp/htdocs/symfony/var/cache/prod/classes.php line 2797 {"exception":"[object] (Symfony\\Component\\HttpKernel\\Exception\\NotFoundHttpException(code: 0): No route found for \"GET /app_prod/\" at /opt/lampp/htdocs/symfony/var/cache/prod/classes.php:2797, Symfony\\Component\\Routing\\Exception\\ResourceNotFoundException(code: 0):  at /opt/lampp/htdocs/symfony/var/cache/prod/appProdUrlMatcher.php:39)"} []
[2016-10-13 20:13:55] request.CRITICAL: Exception thrown when handling an exception (Twig_Error_Runtime: The "Twig_Extension_Core" extension is not enabled. at /opt/lampp/htdocs/symfony/var/cache/prod/classes.php line 4255) {"exception":"[object] (Twig_Error_Runtime(code: 0): The \"Twig_Extension_Core\" extension is not enabled. at /opt/lampp/htdocs/symfony/var/cache/prod/classes.php:4255)"} []
[2016-10-13 20:13:55] request.CRITICAL: Uncaught PHP Exception Twig_Error_Runtime: "The "Twig_Extension_Core" extension is not enabled." at /opt/lampp/htdocs/symfony/var/cache/prod/classes.php line 4255 {"exception":"[object] (Twig_Error_Runtime(code: 0): The \"Twig_Extension_Core\" extension is not enabled. at /opt/lampp/htdocs/symfony/var/cache/prod/classes.php:4255, Symfony\\Component\\HttpKernel\\Exception\\NotFoundHttpException(code: 0): No route found for \"GET /app_prod/\" at /opt/lampp/htdocs/symfony/var/cache/prod/classes.php:2797, Symfony\\Component\\Routing\\Exception\\ResourceNotFoundException(code: 0):  at /opt/lampp/htdocs/symfony/var/cache/prod/appProdUrlMatcher.php:39)"} []
[2016-10-13 20:13:55] request.CRITICAL: Exception thrown when handling an exception (Twig_Error_Runtime: The "Twig_Extension_Core" extension is not enabled. at /opt/lampp/htdocs/symfony/var/cache/prod/classes.php line 4255) {"exception":"[object] (Twig_Error_Runtime(code: 0): The \"Twig_Extension_Core\" extension is not enabled. at /opt/lampp/htdocs/symfony/var/cache/prod/classes.php:4255)"} []
[2016-10-31 18:31:43] request.ERROR: Uncaught PHP Exception Symfony\Component\HttpKernel\Exception\NotFoundHttpException: "No route found for "GET /app_dev.phplogin"" at /opt/lampp/htdocs/symfony/var/cache/prod/classes.php line 2797 {"exception":"[object] (Symfony\\Component\\HttpKernel\\Exception\\NotFoundHttpException(code: 0): No route found for \"GET /app_dev.phplogin\" at /opt/lampp/htdocs/symfony/var/cache/prod/classes.php:2797, Symfony\\Component\\Routing\\Exception\\ResourceNotFoundException(code: 0):  at /opt/lampp/htdocs/symfony/var/cache/prod/appProdUrlMatcher.php:39)"} []
[2016-10-31 18:31:43] request.CRITICAL: Exception thrown when handling an exception (Twig_Error_Runtime: The "Twig_Extension_Core" extension is not enabled. at /opt/lampp/htdocs/symfony/var/cache/prod/classes.php line 4255) {"exception":"[object] (Twig_Error_Runtime(code: 0): The \"Twig_Extension_Core\" extension is not enabled. at /opt/lampp/htdocs/symfony/var/cache/prod/classes.php:4255)"} []
[2016-10-31 18:31:43] request.CRITICAL: Uncaught PHP Exception Twig_Error_Runtime: "The "Twig_Extension_Core" extension is not enabled." at /opt/lampp/htdocs/symfony/var/cache/prod/classes.php line 4255 {"exception":"[object] (Twig_Error_Runtime(code: 0): The \"Twig_Extension_Core\" extension is not enabled. at /opt/lampp/htdocs/symfony/var/cache/prod/classes.php:4255, Symfony\\Component\\HttpKernel\\Exception\\NotFoundHttpException(code: 0): No route found for \"GET /app_dev.phplogin\" at /opt/lampp/htdocs/symfony/var/cache/prod/classes.php:2797, Symfony\\Component\\Routing\\Exception\\ResourceNotFoundException(code: 0):  at /opt/lampp/htdocs/symfony/var/cache/prod/appProdUrlMatcher.php:39)"} []
[2016-10-31 18:31:43] request.CRITICAL: Exception thrown when handling an exception (Twig_Error_Runtime: The "Twig_Extension_Core" extension is not enabled. at /opt/lampp/htdocs/symfony/var/cache/prod/classes.php line 4255) {"exception":"[object] (Twig_Error_Runtime(code: 0): The \"Twig_Extension_Core\" extension is not enabled. at /opt/lampp/htdocs/symfony/var/cache/prod/classes.php:4255)"} []
[2016-11-14 22:56:11] request.ERROR: Uncaught PHP Exception Symfony\Component\HttpKernel\Exception\NotFoundHttpException: "No route found for "GET /ap.php/siteweb"" at /opt/lampp/htdocs/symfony/vendor/symfony/symfony/src/Symfony/Component/HttpKernel/EventListener/RouterListener.php line 125 {"exception":"[object] (Symfony\\Component\\HttpKernel\\Exception\\NotFoundHttpException(code: 0): No route found for \"GET /ap.php/siteweb\" at /opt/lampp/htdocs/symfony/vendor/symfony/symfony/src/Symfony/Component/HttpKernel/EventListener/RouterListener.php:125, Symfony\\Component\\Routing\\Exception\\ResourceNotFoundException(code: 0):  at /opt/lampp/htdocs/symfony/var/cache/prod/appProdUrlMatcher.php:100)"} []
[2016-11-14 22:56:11] event.DEBUG: Notified event "{event}" to listener "{listener}". {"event":"kernel.request","listener":"Symfony\\Component\\EventDispatcher\\Debug\\WrappedListener::__invoke"} []
[2016-11-14 22:56:11] event.DEBUG: Notified event "{event}" to listener "{listener}". {"event":"kernel.request","listener":"Symfony\\Component\\EventDispatcher\\Debug\\WrappedListener::__invoke"} []
[2016-11-14 22:56:11] event.DEBUG: Notified event "{event}" to listener "{listener}". {"event":"kernel.request","listener":"Symfony\\Component\\EventDispatcher\\Debug\\WrappedListener::__invoke"} []
[2016-11-14 22:56:11] event.DEBUG: Notified event "{event}" to listener "{listener}". {"event":"kernel.request","listener":"Symfony\\Component\\EventDispatcher\\Debug\\WrappedListener::__invoke"} []
[2016-11-14 22:56:11] event.DEBUG: Notified event "{event}" to listener "{listener}". {"event":"kernel.request","listener":"Symfony\\Component\\EventDispatcher\\Debug\\WrappedListener::__invoke"} []
[2016-11-14 22:56:11] event.DEBUG: Notified event "{event}" to listener "{listener}". {"event":"kernel.request","listener":"Symfony\\Component\\EventDispatcher\\Debug\\WrappedListener::__invoke"} []
[2016-11-14 22:56:11] event.DEBUG: Notified event "{event}" to listener "{listener}". {"event":"kernel.request","listener":"Symfony\\Component\\EventDispatcher\\Debug\\WrappedListener::__invoke"} []
[2016-11-14 22:56:11] event.DEBUG: Notified event "{event}" to listener "{listener}". {"event":"kernel.request","listener":"Symfony\\Component\\EventDispatcher\\Debug\\WrappedListener::__invoke"} []
[2016-11-14 22:56:11] event.DEBUG: Notified event "{event}" to listener "{listener}". {"event":"kernel.controller","listener":"Sensio\\Bundle\\FrameworkExtraBundle\\EventListener\\ControllerListener::onKernelController"} []
[2016-11-14 22:56:11] event.DEBUG: Notified event "{event}" to listener "{listener}". {"event":"kernel.controller","listener":"Sensio\\Bundle\\FrameworkExtraBundle\\EventListener\\ParamConverterListener::onKernelController"} []
[2016-11-14 22:56:11] event.DEBUG: Notified event "{event}" to listener "{listener}". {"event":"kernel.controller","listener":"Sensio\\Bundle\\FrameworkExtraBundle\\EventListener\\HttpCacheListener::onKernelController"} []
[2016-11-14 22:56:11] event.DEBUG: Notified event "{event}" to listener "{listener}". {"event":"kernel.controller","listener":"Sensio\\Bundle\\FrameworkExtraBundle\\EventListener\\SecurityListener::onKernelController"} []
[2016-11-14 22:56:11] event.DEBUG: Notified event "{event}" to listener "{listener}". {"event":"kernel.controller","listener":"Sensio\\Bundle\\FrameworkExtraBundle\\EventListener\\TemplateListener::onKernelController"} []
[2016-11-14 22:56:12] event.DEBUG: Notified event "{event}" to listener "{listener}". {"event":"kernel.response","listener":"Symfony\\Component\\HttpKernel\\EventListener\\ResponseListener::onKernelResponse"} []
[2016-11-14 22:56:12] event.DEBUG: Notified event "{event}" to listener "{listener}". {"event":"kernel.response","listener":"Symfony\\Component\\Security\\Http\\RememberMe\\ResponseListener::onKernelResponse"} []
[2016-11-14 22:56:12] event.DEBUG: Notified event "{event}" to listener "{listener}". {"event":"kernel.response","listener":"Sensio\\Bundle\\FrameworkExtraBundle\\EventListener\\HttpCacheListener::onKernelResponse"} []
[2016-11-14 22:56:12] event.DEBUG: Notified event "{event}" to listener "{listener}". {"event":"kernel.response","listener":"Symfony\\Component\\HttpKernel\\EventListener\\SaveSessionListener::onKernelResponse"} []
[2016-11-14 22:56:12] event.DEBUG: Notified event "{event}" to listener "{listener}". {"event":"kernel.response","listener":"Symfony\\Component\\HttpKernel\\EventListener\\StreamedResponseListener::onKernelResponse"} []
[2016-11-14 22:56:12] event.DEBUG: Notified event "{event}" to listener "{listener}". {"event":"kernel.finish_request","listener":"Symfony\\Component\\HttpKernel\\EventListener\\LocaleListener::onKernelFinishRequest"} []
[2016-11-14 22:56:12] event.DEBUG: Notified event "{event}" to listener "{listener}". {"event":"kernel.finish_request","listener":"Symfony\\Component\\HttpKernel\\EventListener\\TranslatorListener::onKernelFinishRequest"} []
[2016-11-14 22:56:12] event.DEBUG: Notified event "{event}" to listener "{listener}". {"event":"kernel.finish_request","listener":"Symfony\\Component\\HttpKernel\\EventListener\\RouterListener::onKernelFinishRequest"} []
[2016-11-14 22:56:12] event.DEBUG: Notified event "{event}" to listener "{listener}". {"event":"kernel.finish_request","listener":"Symfony\\Component\\Security\\Http\\Firewall::onKernelFinishRequest"} []
[2016-11-14 22:56:12] event.DEBUG: Notified event "{event}" to listener "{listener}". {"event":"kernel.exception","listener":"Symfony\\Component\\HttpKernel\\EventListener\\ExceptionListener::onKernelException"} []
[2016-11-14 22:56:12] event.DEBUG: Listener "{listener}" stopped propagation of the event "{event}". {"listener":"Symfony\\Component\\HttpKernel\\EventListener\\ExceptionListener::onKernelException","event":"kernel.exception"} []
[2016-11-14 22:56:12] event.DEBUG: Notified event "{event}" to listener "{listener}". {"event":"kernel.response","listener":"Symfony\\Component\\HttpKernel\\EventListener\\ResponseListener::onKernelResponse"} []
[2016-11-14 22:56:12] event.DEBUG: Notified event "{event}" to listener "{listener}". {"event":"kernel.response","listener":"Symfony\\Component\\Security\\Http\\RememberMe\\ResponseListener::onKernelResponse"} []
[2016-11-14 22:56:12] event.DEBUG: Notified event "{event}" to listener "{listener}". {"event":"kernel.response","listener":"Sensio\\Bundle\\FrameworkExtraBundle\\EventListener\\HttpCacheListener::onKernelResponse"} []
[2016-11-14 22:56:12] event.DEBUG: Notified event "{event}" to listener "{listener}". {"event":"kernel.response","listener":"Symfony\\Component\\HttpKernel\\EventListener\\SaveSessionListener::onKernelResponse"} []
[2016-11-14 22:56:12] event.DEBUG: Notified event "{event}" to listener "{listener}". {"event":"kernel.response","listener":"Symfony\\Component\\HttpKernel\\EventListener\\StreamedResponseListener::onKernelResponse"} []
[2016-11-14 22:56:12] event.DEBUG: Notified event "{event}" to listener "{listener}". {"event":"kernel.finish_request","listener":"Symfony\\Component\\HttpKernel\\EventListener\\LocaleListener::onKernelFinishRequest"} []
[2016-11-14 22:56:12] event.DEBUG: Notified event "{event}" to listener "{listener}". {"event":"kernel.finish_request","listener":"Symfony\\Component\\HttpKernel\\EventListener\\TranslatorListener::onKernelFinishRequest"} []
[2016-11-14 22:56:12] event.DEBUG: Notified event "{event}" to listener "{listener}". {"event":"kernel.finish_request","listener":"Symfony\\Component\\HttpKernel\\EventListener\\RouterListener::onKernelFinishRequest"} []
[2016-11-14 22:56:12] event.DEBUG: Notified event "{event}" to listener "{listener}". {"event":"kernel.finish_request","listener":"Symfony\\Component\\Security\\Http\\Firewall::onKernelFinishRequest"} []
[2016-11-14 22:56:12] event.DEBUG: Notified event "{event}" to listener "{listener}". {"event":"kernel.terminate","listener":"Symfony\\Bundle\\SwiftmailerBundle\\EventListener\\EmailSenderListener::onTerminate"} []
